[23:06:31] [main/INFO]: Setting user: Player235
[23:06:43] [main/INFO]: LWJGL Version: 2.9.4
[23:09:12] [main/INFO]: Reloading ResourceManager: Default, FMLFileResourcePack:Forge Mod Loader, FMLFileResourcePack:Minecraft Forge
[23:09:24] [Sound Library Loader/INFO]: Starting up SoundSystem...
[23:09:25] [Thread-5/INFO]: Initializing LWJGL OpenAL
[23:09:25] [Thread-5/INFO]: (The LWJGL binding of OpenAL.  For more information, see http://www.lwjgl.org)
[23:09:29] [Thread-5/INFO]: OpenAL initialized.
[23:09:29] [Sound Library Loader/INFO]: Sound engine started
[23:09:44] [main/INFO]: Created: 512x512 textures-atlas
[23:10:01] [main/INFO]: Narrator library for x64 successfully loaded
[23:10:10] [Realms Notification Availability checker #1/INFO]: Could not authorize you against Realms server: Invalid session id
[23:10:45] [main/FATAL]: Reported exception thrown!
net.minecraft.util.ReportedException: Updating screen events
	at net.minecraft.client.Minecraft.runTick(Minecraft.java:1897) ~[Minecraft.class:?]
	at net.minecraft.client.Minecraft.runGameLoop(Minecraft.java:1186) ~[Minecraft.class:?]
	at net.minecraft.client.Minecraft.run(Minecraft.java:441) [Minecraft.class:?]
	at net.minecraft.client.main.Main.main(Main.java:118) [Main.class:?]
	at sun.reflect.NativeMethodAccessorImpl.invoke0(Native Method) ~[?:1.8.0_261]
	at sun.reflect.NativeMethodAccessorImpl.invoke(NativeMethodAccessorImpl.java:62) ~[?:1.8.0_261]
	at sun.reflect.DelegatingMethodAccessorImpl.invoke(DelegatingMethodAccessorImpl.java:43) ~[?:1.8.0_261]
	at java.lang.reflect.Method.invoke(Method.java:498) ~[?:1.8.0_261]
	at net.minecraft.launchwrapper.Launch.launch(Launch.java:135) [launchwrapper-1.12.jar:?]
	at net.minecraft.launchwrapper.Launch.main(Launch.java:28) [launchwrapper-1.12.jar:?]
	at sun.reflect.NativeMethodAccessorImpl.invoke0(Native Method) ~[?:1.8.0_261]
	at sun.reflect.NativeMethodAccessorImpl.invoke(NativeMethodAccessorImpl.java:62) ~[?:1.8.0_261]
	at sun.reflect.DelegatingMethodAccessorImpl.invoke(DelegatingMethodAccessorImpl.java:43) ~[?:1.8.0_261]
	at java.lang.reflect.Method.invoke(Method.java:498) ~[?:1.8.0_261]
	at net.minecraftforge.gradle.GradleStartCommon.launch(GradleStartCommon.java:97) [start/:?]
	at GradleStart.main(GradleStart.java:25) [start/:?]
Caused by: java.lang.NullPointerException
	at me.travis.wurstplus.wurstplusMod.saveConfigurationUnsafe(wurstplusMod.java:206) ~[wurstplusMod.class:?]
	at me.travis.wurstplus.wurstplusMod.saveConfiguration(wurstplusMod.java:198) ~[wurstplusMod.class:?]
	at net.minecraft.client.Minecraft.save(Minecraft.java:3641) ~[Minecraft.class:?]
	at net.minecraft.client.Minecraft.handler$shutdown$zze000(Minecraft.java:3636) ~[Minecraft.class:?]
	at net.minecraft.client.Minecraft.shutdown(Minecraft.java) ~[Minecraft.class:?]
	at net.minecraft.client.gui.GuiMainMenu.actionPerformed(GuiMainMenu.java:321) ~[GuiMainMenu.class:?]
	at net.minecraft.client.gui.GuiScreen.mouseClicked(GuiScreen.java:494) ~[GuiScreen.class:?]
	at net.minecraft.client.gui.GuiMainMenu.mouseClicked(GuiMainMenu.java:635) ~[GuiMainMenu.class:?]
	at net.minecraft.client.gui.GuiScreen.handleMouseInput(GuiScreen.java:611) ~[GuiScreen.class:?]
	at net.minecraft.client.gui.GuiScreen.handleInput(GuiScreen.java:576) ~[GuiScreen.class:?]
	at net.minecraft.client.Minecraft.runTick(Minecraft.java:1884) ~[Minecraft.class:?]
	... 15 more
[23:10:45] [main/INFO]: Stopping!
[23:10:45] [main/INFO]: SoundSystem shutting down...
[23:10:46] [main/WARN]: Author: Paul Lamb, www.paulscode.com
